{
  "RSpec": {
    "coverage": {
      "/Users/toddlangford-archer/Documents/makers/week-6/makersbnb/spec/booking_spec.rb": [

      ],
      "/Users/toddlangford-archer/Documents/makers/week-6/makersbnb/spec/features/adding_space_spec.rb": [
        1,
        1,
        1,
        1,
        1,
        null,
        null
      ],
      "/Users/toddlangford-archer/Documents/makers/week-6/makersbnb/spec/features/authentication_spec.rb": [
        1,
        1,
        1,
        null,
        1,
        1,
        1,
        1,
        null,
        1,
        null,
        null,
        1,
        1,
        1,
        1,
        1,
        1,
        1,
        1,
        null,
        null,
        1,
        1,
        null,
        1,
        1,
        1,
        1,
        null,
        1,
        1,
        null,
        null,
        1,
        1,
        null,
        1,
        1,
        1,
        1,
        null,
        1,
        null,
        1,
        null,
        null,
        null
      ],
      "/Users/toddlangford-archer/Documents/makers/week-6/makersbnb/spec/features/booking_request_spec.rb": [
        1,
        null,
        1,
        1,
        1,
        1,
        1,
        1,
        null,
        null,
        1,
        1,
        1,
        1,
        1,
        1,
        1,
        1,
        1,
        null,
        null
      ],
      "/Users/toddlangford-archer/Documents/makers/week-6/makersbnb/spec/features/landlord_reviews_bookings_spec.rb": [
        1,
        1,
        1,
        1,
        1,
        1,
        1,
        1,
        1,
        1,
        null,
        null,
        1,
        1,
        1,
        1,
        1,
        1,
        1,
        1,
        1,
        null,
        null
      ],
      "/Users/toddlangford-archer/Documents/makers/week-6/makersbnb/spec/features/registration_spec.rb": [
        1,
        1,
        1,
        1,
        1,
        1,
        1,
        1,
        1,
        null,
        null,
        1,
        1,
        null,
        1,
        1,
        1,
        1,
        1,
        1,
        null,
        1,
        null,
        null,
        null
      ],
      "/Users/toddlangford-archer/Documents/makers/week-6/makersbnb/spec/features/tenant_view_bookings_spec.rb": [
        1,
        1,
        1,
        1,
        1,
        1,
        1,
        1,
        null,
        null
      ],
      "/Users/toddlangford-archer/Documents/makers/week-6/makersbnb/spec/features/updating_spaces_spec.rb": [
        1,
        1,
        1,
        1,
        1,
        1,
        1,
        null,
        null
      ],
      "/Users/toddlangford-archer/Documents/makers/week-6/makersbnb/spec/mailer_spec.rb": [
        1,
        null,
        1,
        2,
        1,
        1,
        1,
        1,
        null,
        null,
        null
      ],
      "/Users/toddlangford-archer/Documents/makers/week-6/makersbnb/spec/space_spec.rb": [
        1,
        null,
        1,
        1,
        1,
        1,
        1,
        1,
        null,
        null,
        null
      ],
      "/Users/toddlangford-archer/Documents/makers/week-6/makersbnb/spec/user_spec.rb": [
        1,
        1,
        null,
        1,
        1,
        4,
        4,
        4,
        4,
        null,
        1,
        1,
        null,
        1,
        null,
        null,
        1,
        1,
        1,
        null,
        null,
        1,
        1,
        1,
        1,
        null,
        null,
        null,
        1,
        1,
        1,
        1,
        null,
        1,
        null,
        null,
        1,
        1,
        null,
        1,
        null,
        null,
        1,
        1,
        null,
        1,
        null,
        null,
        null
      ]
    },
    "timestamp": 1541761226
  }
}
