{
  "RSpec": {
    "coverage": {
      "/Users/rekapap/Programming/Makers_course/6week/makersbnb/spec/booking_spec.rb": [

      ],
      "/Users/rekapap/Programming/Makers_course/6week/makersbnb/spec/features/adding_space_spec.rb": [
        1,
        1,
        1,
        1,
        1,
        null,
        null
      ],
      "/Users/rekapap/Programming/Makers_course/6week/makersbnb/spec/features/authentication_spec.rb": [
        1,
        1,
        1,
        null,
        1,
        1,
        1,
        1,
        null,
        1,
        null,
        null,
        1,
        1,
        1,
        1,
        1,
        1,
        1,
        1,
        null,
        null,
        1,
        1,
        null,
        1,
        1,
        1,
        1,
        null,
        1,
        1,
        null,
        null,
        1,
        1,
        null,
        1,
        1,
        1,
        1,
        null,
        1,
        null,
        1,
        1,
        null,
        null,
        null
      ],
      "/Users/rekapap/Programming/Makers_course/6week/makersbnb/spec/features/booking_request_spec.rb": [
        1,
        null,
        1,
        1,
        1,
        1,
        1,
        1,
        null,
        null,
        1,
        1,
        1,
        1,
        1,
        1,
        1,
        1,
        1,
        null,
        null
      ],
      "/Users/rekapap/Programming/Makers_course/6week/makersbnb/spec/features/landlord_reviews_bookings_spec.rb": [
        null,
        null,
        null,
        null,
        null,
        null,
        null,
        null,
        null,
        null,
        null,
        null,
        null,
        null,
        null,
        null,
        null,
        null,
        null,
        null,
        null,
        null,
        null,
        null,
        null,
        null
      ],
      "/Users/rekapap/Programming/Makers_course/6week/makersbnb/spec/features/registration_spec.rb": [
        1,
        1,
        1,
        1,
        1,
        1,
        1,
        1,
        1,
        null,
        null,
        1,
        1,
        null,
        1,
        1,
        1,
        1,
        1,
        1,
        null,
        1,
        null,
        null
      ],
      "/Users/rekapap/Programming/Makers_course/6week/makersbnb/spec/features/tenant_view_bookings_spec.rb": [
        1,
        1,
        1,
        1,
        1,
        1,
        1,
        1,
        null,
        null
      ],
      "/Users/rekapap/Programming/Makers_course/6week/makersbnb/spec/mailer_spec.rb": [
        1,
        null,
        1,
        2,
        1,
        1,
        1,
        1,
        null,
        null,
        null
      ],
      "/Users/rekapap/Programming/Makers_course/6week/makersbnb/lib/mailer.rb": [
        1,
        null,
        1,
        1,
        1,
        null,
        null,
        null,
        null,
        null,
        null,
        null,
        null,
        null
      ],
      "/Users/rekapap/Programming/Makers_course/6week/makersbnb/spec/sms_message_spec.rb": [
        1,
        null,
        1,
        2,
        2,
        2,
        2,
        2,
        null,
        1,
        1,
        1,
        1,
        null,
        null,
        null
      ],
      "/Users/rekapap/Programming/Makers_course/6week/makersbnb/lib/sms_message.rb": [
        1,
        null,
        1,
        1,
        null,
        null,
        null
      ],
      "/Users/rekapap/Programming/Makers_course/6week/makersbnb/spec/sms_service_spec.rb": [
        1,
        null,
        1,
        6,
        6,
        6,
        6,
        6,
        6,
        null,
        1,
        1,
        1,
        1,
        1,
        null,
        null,
        null,
        1,
        1,
        1,
        1,
        1,
        null,
        null,
        1,
        1,
        1,
        1,
        null,
        null,
        1,
        1,
        1,
        1,
        null,
        null,
        1,
        1,
        1,
        1,
        null,
        null,
        null,
        null
      ],
      "/Users/rekapap/Programming/Makers_course/6week/makersbnb/lib/sms_service.rb": [
        1,
        null,
        null,
        1,
        null,
        1,
        5,
        5,
        5,
        5,
        null,
        null,
        1,
        1,
        1,
        null,
        null,
        1,
        5,
        null,
        5,
        null,
        null,
        null,
        null,
        null,
        null
      ],
      "/Users/rekapap/Programming/Makers_course/6week/makersbnb/spec/space_spec.rb": [
        1,
        null,
        1,
        1,
        1,
        1,
        1,
        1,
        null,
        null,
        null
      ],
      "/Users/rekapap/Programming/Makers_course/6week/makersbnb/spec/user_spec.rb": [
        1,
        1,
        null,
        1,
        1,
        4,
        4,
        4,
        4,
        null,
        1,
        1,
        null,
        1,
        null,
        null,
        1,
        1,
        1,
        null,
        null,
        1,
        1,
        1,
        1,
        null,
        null,
        null,
        1,
        1,
        1,
        1,
        null,
        1,
        null,
        null,
        1,
        1,
        null,
        1,
        null,
        null,
        1,
        1,
        null,
        1,
        null,
        null,
        null
      ]
    },
    "timestamp": 1541608501
  }
}
